NER OUTPUT VALIDATION REPORT
Generated at: 2026-07-17T01:04:56
Scan root   : C:\Users\NguyenToan\OneDrive\Documents\dataset\NLP_corpus_project
Log file    : C:\Users\NguyenToan\OneDrive\Documents\dataset\NLP_corpus_project\check_ner_report.log
TSV files   : 795
====================================================================================================

COMPLETE UNITS
====================================================================================================
[OK] HCH_009\HCH_009_001 | sentences=410
[OK] HCH_009\HCH_009_002 | sentences=516
[OK] HCH_009\HCH_009_003 | sentences=464
[OK] HCH_009\HCH_009_004 | sentences=432
[OK] HCH_009\HCH_009_005 | sentences=604
[OK] HCH_009\HCH_009_006 | sentences=673
[OK] HCH_009\HCH_009_007 | sentences=378
[OK] HCH_009\HCH_009_008 | sentences=451
[OK] HCH_009\HCH_009_009 | sentences=456
[OK] HCH_009\HCH_009_010 | sentences=389
[OK] HCH_009\HCH_009_011 | sentences=417
[OK] HCH_009\HCH_009_012 | sentences=479
[OK] HCH_009\HCH_009_013 | sentences=211
[OK] HCH_009\HCH_009_014 | sentences=561
[OK] HCH_009\HCH_009_015 | sentences=496
[OK] HCH_009\HCH_009_016 | sentences=463
[OK] HCH_009\HCH_009_017 | sentences=377
[OK] HCH_009\HCH_009_018 | sentences=217
[OK] HCH_009\HCH_009_019 | sentences=207
[OK] HCH_009\HCH_009_020 | sentences=490
[OK] HCH_009\HCH_009_021 | sentences=208
[OK] HCH_009\HCH_009_022 | sentences=452
[OK] HCH_009\HCH_009_023 | sentences=322
[OK] HCH_009\HCH_009_024 | sentences=728
[OK] HCH_009\HCH_009_025 | sentences=782
[OK] HCH_009\HCH_009_026 | sentences=731
[OK] HCH_009\HCH_009_027 | sentences=214
[OK] HCH_009\HCH_009_028 | sentences=349
[OK] HCH_009\HCH_009_029 | sentences=255
[OK] HCH_009\HCH_009_030 | sentences=508
[OK] HCH_009\HCH_009_031 | sentences=362
[OK] HCH_009\HCH_009_032 | sentences=167
[OK] HCH_009\HCH_009_033 | sentences=244
[OK] HCH_009\HCH_009_034 | sentences=222
[OK] HCH_009\HCH_009_035 | sentences=127
[OK] HCH_009\HCH_009_036 | sentences=336
[OK] HCH_009\HCH_009_037 | sentences=347
[OK] HCH_009\HCH_009_038 | sentences=304
[OK] HCH_009\HCH_009_039 | sentences=258
[OK] HCH_009\HCH_009_040 | sentences=517
[OK] HCH_009\HCH_009_041 | sentences=514
[OK] HCH_009\HCH_009_042 | sentences=362
[OK] HCH_009\HCH_009_043 | sentences=278
[OK] HCH_009\HCH_009_044 | sentences=246
[OK] HCH_009\HCH_009_045 | sentences=169
[OK] HCH_009\HCH_009_046 | sentences=209
[OK] HCH_009\HCH_009_047 | sentences=258
[OK] HCH_009\HCH_009_048 | sentences=240
[OK] HCH_009\HCH_009_049 | sentences=233
[OK] HCH_009\HCH_009_050 | sentences=175
[OK] HCH_009\HCH_009_051 | sentences=310
[OK] HCH_009\HCH_009_052 | sentences=210
[OK] HCH_009\HCH_009_053 | sentences=268
[OK] HCH_009\HCH_009_054 | sentences=236
[OK] HCH_009\HCH_009_055 | sentences=616
[OK] HCH_009\HCH_009_056 | sentences=922
[OK] HCH_009\HCH_009_057 | sentences=797
[OK] HCH_009\HCH_009_058 | sentences=305
[OK] HCH_009\HCH_009_059 | sentences=39
[OK] HCH_009\HCH_009_060 | sentences=16
[OK] HCH_009\HCH_009_063 | sentences=412
[OK] HCH_009\HCH_009_064 | sentences=353
[OK] HCH_009\HCH_009_065 | sentences=335
[OK] HCH_009\HCH_009_066 | sentences=298
[OK] HCH_009\HCH_009_067 | sentences=291
[OK] HCH_009\HCH_009_068 | sentences=183
[OK] HCH_009\HCH_009_069 | sentences=143
[OK] HCH_009\HCH_009_070 | sentences=303
[OK] HCH_009\HCH_009_071 | sentences=281
[OK] HCH_009\HCH_009_072 | sentences=363
[OK] HCH_009\HCH_009_073 | sentences=389
[OK] HCH_009\HCH_009_074 | sentences=446
[OK] HCH_009\HCH_009_075 | sentences=287
[OK] HCH_009\HCH_009_076 | sentences=392
[OK] HCH_009\HCH_009_077 | sentences=291
[OK] HCH_009\HCH_009_078 | sentences=205
[OK] HCH_009\HCH_009_079 | sentences=287
[OK] HCH_009\HCH_009_080 | sentences=325
[OK] HCH_009\HCH_009_081 | sentences=318
[OK] HCH_009\HCH_009_082 | sentences=482
[OK] HCH_009\HCH_009_083 | sentences=354
[OK] HCH_009\HCH_009_084 | sentences=381
[OK] HCH_009\HCH_009_085 | sentences=271
[OK] HCH_009\HCH_009_086 | sentences=321
[OK] HCH_009\HCH_009_087 | sentences=320
[OK] HCH_009\HCH_009_088 | sentences=405
[OK] HCH_009\HCH_009_089 | sentences=325
[OK] HCH_009\HCH_009_090 | sentences=298
[OK] HCH_009\HCH_009_091 | sentences=371
[OK] HCH_009\HCH_009_092 | sentences=410
[OK] HCH_009\HCH_009_093 | sentences=433
[OK] HCH_009\HCH_009_094 | sentences=305
[OK] HCH_009\HCH_009_095 | sentences=397
[OK] HCH_009\HCH_009_096 | sentences=296
[OK] HCH_009\HCH_009_097 | sentences=335
[OK] HCH_009\HCH_009_098 | sentences=299
[OK] HCH_009\HCH_009_099 | sentences=285
[OK] HCH_009\HCH_009_100 | sentences=348
[OK] HCH_009\HCH_009_101 | sentences=330
[OK] HCH_009\HCH_009_102 | sentences=362
[OK] HCH_009\HCH_009_103 | sentences=383
[OK] HCH_009\HCH_009_104 | sentences=337
[OK] HCH_009\HCH_009_105 | sentences=321
[OK] HCH_009\HCH_009_106 | sentences=345
[OK] HCH_009\HCH_009_107 | sentences=201
[OK] HCH_009\HCH_009_108 | sentences=255
[OK] HCH_009\HCH_009_109 | sentences=280
[OK] HCH_009\HCH_009_110 | sentences=267
[OK] HCH_009\HCH_009_111 | sentences=331
[OK] HCH_009\HCH_009_112 | sentences=216
[OK] HCH_009\HCH_009_113 | sentences=335
[OK] HCH_009\HCH_009_114 | sentences=265
[OK] HCH_009\HCH_009_115 | sentences=194
[OK] HCH_009\HCH_009_116 | sentences=299
[OK] HCH_009\HCH_009_117 | sentences=229
[OK] HCH_009\HCH_009_118 | sentences=331
[OK] HCH_009\HCH_009_119 | sentences=291
[OK] HCH_009\HCH_009_120 | sentences=341
[OK] HCH_009\HCH_009_121 | sentences=356
[OK] HCH_009\HCH_009_122 | sentences=350
[OK] HCH_009\HCH_009_123 | sentences=253
[OK] HCH_009\HCH_009_124 | sentences=310
[OK] HCH_009\HCH_009_125 | sentences=301
[OK] HCH_009\HCH_009_126 | sentences=296
[OK] HCH_009\HCH_009_127 | sentences=185
[OK] HCH_009\HCH_009_128 | sentences=364
[OK] HCH_009\HCH_009_129 | sentences=303
[OK] HCH_009\HCH_009_130 | sentences=131
[OK] HCH_009\HCH_009_131 | sentences=150
[OK] HCH_009\HCH_009_132 | sentences=409
[OK] HCH_009\HCH_009_133 | sentences=251
[OK] HCH_009\HCH_009_134 | sentences=183
[OK] HCH_009\HCH_009_135 | sentences=137
[OK] HCH_010\HCH_010_001 | sentences=236
[OK] HCH_010\HCH_010_002 | sentences=214
[OK] HCH_010\HCH_010_003 | sentences=406
[OK] HCH_010\HCH_010_004 | sentences=425
[OK] HCH_010\HCH_010_005 | sentences=67
[OK] HCH_010\HCH_010_006 | sentences=191
[OK] HCH_010\HCH_010_007 | sentences=137
[OK] HCH_010\HCH_010_008 | sentences=141
[OK] HCH_010\HCH_010_009 | sentences=129
[OK] HCH_010\HCH_010_010 | sentences=214
[OK] HCH_010\HCH_010_011 | sentences=199
[OK] HCH_010\HCH_010_012 | sentences=175
[OK] HCH_010\HCH_010_013 | sentences=294
[OK] HCH_010\HCH_010_014 | sentences=259
[OK] HCH_010\HCH_010_015 | sentences=291
[OK] HCH_010\HCH_010_016 | sentences=205
[OK] HCH_010\HCH_010_017 | sentences=165
[OK] HCH_010\HCH_010_018 | sentences=243
[OK] HCH_010\HCH_010_019 | sentences=197
[OK] HCH_010\HCH_010_020 | sentences=256
[OK] HCH_010\HCH_010_021 | sentences=156
[OK] HCH_010\HCH_010_022 | sentences=209
[OK] HCH_010\HCH_010_023 | sentences=173
[OK] HCH_010\HCH_010_024 | sentences=209
[OK] HCH_010\HCH_010_025 | sentences=208
[OK] HCH_010\HCH_010_026 | sentences=171
[OK] HCH_010\HCH_010_027 | sentences=245
[OK] HCH_010\HCH_010_028 | sentences=153
[OK] HCH_010\HCH_010_029 | sentences=178
[OK] HCH_010\HCH_010_030 | sentences=159
[OK] HCH_010\HCH_010_031 | sentences=183
[OK] HCH_010\HCH_010_032 | sentences=124
[OK] HCH_010\HCH_010_033 | sentences=239
[OK] HCH_010\HCH_010_034 | sentences=106
[OK] HCH_010\HCH_010_035 | sentences=130
[OK] HCH_010\HCH_010_036 | sentences=239
[OK] HCH_010\HCH_010_037 | sentences=429
[OK] HCH_010\HCH_010_038 | sentences=582
[OK] HCH_010\HCH_010_039 | sentences=274
[OK] HCH_010\HCH_010_040 | sentences=279
[OK] HCH_010\HCH_010_041 | sentences=345
[OK] HCH_010\HCH_010_042 | sentences=182
[OK] HCH_010\HCH_010_043 | sentences=17
[OK] HCH_010\HCH_010_044 | sentences=49
[OK] HCH_010\HCH_010_045 | sentences=210
[OK] HCH_010\HCH_010_046 | sentences=256
[OK] HCH_010\HCH_010_047 | sentences=333
[OK] HCH_010\HCH_010_048 | sentences=189
[OK] HCH_010\HCH_010_049 | sentences=143
[OK] HCH_010\HCH_010_050 | sentences=171
[OK] HCH_010\HCH_010_051 | sentences=327
[OK] HCH_010\HCH_010_052 | sentences=225
[OK] HCH_010\HCH_010_053 | sentences=408
[OK] HCH_010\HCH_010_054 | sentences=130
[OK] HCH_010\HCH_010_055 | sentences=116
[OK] HCH_010\HCH_010_056 | sentences=107
[OK] HCH_010\HCH_010_057 | sentences=62
[OK] HCH_010\HCH_010_058 | sentences=53
[OK] HCH_010\HCH_010_059 | sentences=73
[OK] HCH_010\HCH_010_060 | sentences=75
[OK] HCH_010\HCH_010_061 | sentences=114
[OK] HCH_010\HCH_010_062 | sentences=87
[OK] HCH_010\HCH_010_063 | sentences=106
[OK] HCH_010\HCH_010_064 | sentences=353
[OK] HCH_010\HCH_010_065 | sentences=151
[OK] HCH_010\HCH_010_066 | sentences=15
[OK] HCH_010\HCH_010_067 | sentences=14
[OK] HCH_010\HCH_010_068 | sentences=6
[OK] HCH_010\HCH_010_069 | sentences=15
[OK] HCH_010\HCH_010_070 | sentences=11
[OK] HCH_010\HCH_010_071 | sentences=234
[OK] HCH_010\HCH_010_072 | sentences=156
[OK] HCH_010\HCH_010_073 | sentences=144
[OK] HCH_010\HCH_010_074 | sentences=142
[OK] HCH_010\HCH_010_075 | sentences=96
[OK] HCH_010\HCH_010_076 | sentences=176
[OK] HCH_010\HCH_010_077 | sentences=184
[OK] HCH_010\HCH_010_078 | sentences=81
[OK] HCH_010\HCH_010_079 | sentences=87
[OK] HCH_010\HCH_010_080 | sentences=113
[OK] HCH_010\HCH_010_081 | sentences=88
[OK] HCH_010\HCH_010_082 | sentences=153
[OK] HCH_010\HCH_010_083 | sentences=165
[OK] HCH_010\HCH_010_084 | sentences=95
[OK] HCH_010\HCH_010_085 | sentences=132
[OK] HCH_010\HCH_010_086 | sentences=172
[OK] HCH_010\HCH_010_087 | sentences=151
[OK] HCH_010\HCH_010_088 | sentences=191
[OK] HCH_010\HCH_010_089 | sentences=121
[OK] HCH_010\HCH_010_090 | sentences=79
[OK] HCH_010\HCH_010_091 | sentences=91
[OK] HCH_010\HCH_010_092 | sentences=83
[OK] HCH_010\HCH_010_093 | sentences=152
[OK] HCH_010\HCH_010_094 | sentences=117
[OK] HCH_010\HCH_010_095 | sentences=107
[OK] HCH_010\HCH_010_096 | sentences=196
[OK] HCH_010\HCH_010_097 | sentences=108
[OK] HCH_010\HCH_010_098 | sentences=95
[OK] HCH_010\HCH_010_099 | sentences=119
[OK] HCH_010\HCH_010_100 | sentences=99
[OK] HCH_010\HCH_010_101 | sentences=64
[OK] HCH_010\HCH_010_102 | sentences=96
[OK] HCH_010\HCH_010_103 | sentences=136
[OK] HCH_010\HCH_010_104 | sentences=74
[OK] HCH_010\HCH_010_105 | sentences=167
[OK] HCH_010\HCH_010_106 | sentences=47
[OK] HCH_010\HCH_010_107 | sentences=73
[OK] HCH_010\HCH_010_108 | sentences=66
[OK] HCH_010\HCH_010_109 | sentences=54
[OK] HCH_010\HCH_010_110 | sentences=138
[OK] HCH_010\HCH_010_111 | sentences=90
[OK] HCH_010\HCH_010_112 | sentences=135
[OK] HCH_010\HCH_010_113 | sentences=148
[OK] HCH_010\HCH_010_114 | sentences=91
[OK] HCH_010\HCH_010_115 | sentences=308
[OK] HCH_010\HCH_010_116 | sentences=286
[OK] HCH_011\HCH_011_001 | sentences=171
[OK] HCH_011\HCH_011_002 | sentences=349
[OK] HCH_011\HCH_011_003 | sentences=580
[OK] HCH_011\HCH_011_004 | sentences=119
[OK] HCH_011\HCH_011_005 | sentences=472
[OK] HCH_011\HCH_011_006 | sentences=120
[OK] HCH_011\HCH_011_007 | sentences=141
[OK] HCH_011\HCH_011_008 | sentences=111
[OK] HCH_011\HCH_011_009 | sentences=185
[OK] HCH_011\HCH_011_010 | sentences=289
[OK] HCH_011\HCH_011_011 | sentences=186
[OK] HCH_011\HCH_011_012 | sentences=238
[OK] HCH_011\HCH_011_013 | sentences=187
[OK] HCH_011\HCH_011_014 | sentences=101
[OK] HCH_011\HCH_011_015 | sentences=85
[OK] HCH_011\HCH_011_016 | sentences=146
[OK] HCH_011\HCH_011_017 | sentences=145
[OK] HCH_011\HCH_011_018 | sentences=223
[OK] HCH_011\HCH_011_019 | sentences=116
[OK] HCH_011\HCH_011_020 | sentences=158
[OK] HCH_011\HCH_011_021 | sentences=397
[OK] HCH_011\HCH_011_022 | sentences=352
[OK] HCH_011\HCH_011_023 | sentences=150
[OK] HCH_011\HCH_011_024 | sentences=126
[OK] HCH_011\HCH_011_025 | sentences=100
[OK] HCH_011\HCH_011_026 | sentences=210
[OK] HCH_011\HCH_011_027 | sentences=188
[OK] HCH_011\HCH_011_028 | sentences=260
[OK] HCH_011\HCH_011_029 | sentences=177
[OK] HCH_011\HCH_011_030 | sentences=148
[OK] HCH_011\HCH_011_031 | sentences=59
[OK] HCH_011\HCH_011_032 | sentences=162
[OK] HCH_011\HCH_011_033 | sentences=198
[OK] HCH_011\HCH_011_034 | sentences=122
[OK] HCH_011\HCH_011_035 | sentences=164
[OK] HCH_011\HCH_011_036 | sentences=155
[OK] HCH_011\HCH_011_037 | sentences=113
[OK] HCH_011\HCH_011_038 | sentences=106
[OK] HCH_011\HCH_011_039 | sentences=215
[OK] HCH_011\HCH_011_040 | sentences=152
[OK] HCH_011\HCH_011_041 | sentences=330
[OK] HCH_011\HCH_011_042 | sentences=109
[OK] HCH_011\HCH_011_043 | sentences=129
[OK] HCH_011\HCH_011_044 | sentences=166
[OK] HCH_011\HCH_011_045 | sentences=216
[OK] HCH_011\HCH_011_046 | sentences=146
[OK] HCH_011\HCH_011_047 | sentences=259
[OK] HCH_011\HCH_011_048 | sentences=277
[OK] HCH_011\HCH_011_049 | sentences=220
[OK] HCH_011\HCH_011_050 | sentences=328
[OK] HCH_011\HCH_011_051 | sentences=375
[OK] HCH_011\HCH_011_052 | sentences=114
[OK] HCH_011\HCH_011_053 | sentences=289
[OK] HCH_011\HCH_011_054 | sentences=722
[OK] HCH_011\HCH_011_055 | sentences=134
[OK] HCH_011\HCH_011_056 | sentences=394
[OK] HCH_012\HCH_012_001 | sentences=363
[OK] HCH_012\HCH_012_002 | sentences=484
[OK] HCH_012\HCH_012_003 | sentences=412
[OK] HCH_012\HCH_012_004 | sentences=203
[OK] HCH_012\HCH_012_005 | sentences=201
[OK] HCH_012\HCH_012_006 | sentences=334
[OK] HCH_012\HCH_012_007 | sentences=283
[OK] HCH_012\HCH_012_008 | sentences=140
[OK] HCH_012\HCH_012_009 | sentences=277
[OK] HCH_012\HCH_012_010 | sentences=306
[OK] HCH_012\HCH_012_011 | sentences=259
[OK] HCH_012\HCH_012_012 | sentences=182
[OK] HCH_012\HCH_012_013 | sentences=207
[OK] HCH_012\HCH_012_014 | sentences=186
[OK] HCH_012\HCH_012_015 | sentences=332
[OK] HCH_012\HCH_012_016 | sentences=353
[OK] HCH_012\HCH_012_017 | sentences=441
[OK] HCH_012\HCH_012_018 | sentences=367
[OK] HCH_012\HCH_012_019 | sentences=149
[OK] HCH_012\HCH_012_020 | sentences=415
[OK] HCH_012\HCH_012_021 | sentences=366
[OK] HCH_012\HCH_012_022 | sentences=267
[OK] HCH_012\HCH_012_023 | sentences=355
[OK] HCH_012\HCH_012_024 | sentences=313
[OK] HCH_012\HCH_012_025 | sentences=422
[OK] HCH_012\HCH_012_026 | sentences=1063
[OK] HCH_012\HCH_012_027 | sentences=513
[OK] HCH_012\HCH_012_028 | sentences=868
[OK] HCH_012\HCH_012_029 | sentences=506
[OK] HCH_012\HCH_012_030 | sentences=930
[OK] HCH_012\HCH_012_031 | sentences=463
[OK] HCH_012\HCH_012_032 | sentences=128
[OK] HCH_012\HCH_012_033 | sentences=162
[OK] HCH_012\HCH_012_034 | sentences=17
[OK] HCH_012\HCH_012_035 | sentences=335
[OK] HCH_012\HCH_012_036 | sentences=287
[OK] HCH_012\HCH_012_037 | sentences=405
[OK] HCH_012\HCH_012_038 | sentences=140
[OK] HCH_012\HCH_012_039 | sentences=4
[OK] HCH_012\HCH_012_040 | sentences=1983
[OK] HCH_012\HCH_012_041 | sentences=1545
[OK] HCH_012\HCH_012_042 | sentences=1690
[OK] HCH_012\HCH_012_043 | sentences=1825
[OK] HCH_012\HCH_012_044 | sentences=1740
[OK] HCH_012\HCH_012_045 | sentences=1699
[OK] HCH_012\HCH_012_046 | sentences=1639
[OK] HCH_012\HCH_012_047 | sentences=462
[OK] HCH_012\HCH_012_048 | sentences=270
[OK] HCH_012\HCH_012_049 | sentences=367
[OK] HCH_012\HCH_012_050 | sentences=335
[OK] HCH_012\HCH_012_051 | sentences=301
[OK] HCH_012\HCH_012_052 | sentences=204
[OK] HCH_012\HCH_012_053 | sentences=513
[OK] HCH_012\HCH_012_054 | sentences=568
[OK] HCH_012\HCH_012_055 | sentences=532
[OK] HCH_012\HCH_012_056 | sentences=427
[OK] HCH_012\HCH_012_057 | sentences=266
[OK] HCH_012\HCH_012_058 | sentences=221
[OK] HCH_012\HCH_012_059 | sentences=302
[OK] HCH_012\HCH_012_060 | sentences=462
[OK] HCH_012\HCH_012_061 | sentences=400
[OK] HCH_012\HCH_012_062 | sentences=874
[OK] HCH_012\HCH_012_063 | sentences=643
[OK] HCH_012\HCH_012_064 | sentences=117
[OK] HCH_012\HCH_012_065 | sentences=334
[OK] HCH_012\HCH_012_066 | sentences=354
[OK] HCH_012\HCH_012_067 | sentences=425
[OK] HCH_012\HCH_012_068 | sentences=289
[OK] HCH_012\HCH_012_069 | sentences=334
[OK] HCH_012\HCH_012_070 | sentences=328
[OK] HCH_012\HCH_012_071 | sentences=324
[OK] HCH_012\HCH_012_072 | sentences=801
[OK] HCH_012\HCH_012_073 | sentences=586
[OK] HCH_012\HCH_012_074 | sentences=1038
[OK] HCH_012\HCH_012_075 | sentences=706
[OK] HCH_012\HCH_012_076 | sentences=436
[OK] HCH_012\HCH_012_077 | sentences=276
[OK] HCH_012\HCH_012_078 | sentences=311
[OK] HCH_012\HCH_012_079 | sentences=311
[OK] HCH_012\HCH_012_080 | sentences=468
[OK] HCH_012\HCH_012_081 | sentences=459
[OK] HCH_012\HCH_012_082 | sentences=397
[OK] HCH_012\HCH_012_083 | sentences=365
[OK] HCH_012\HCH_012_084 | sentences=311
[OK] HCH_012\HCH_012_085 | sentences=389
[OK] HCH_012\HCH_012_086 | sentences=254
[OK] HCH_012\HCH_012_087 | sentences=341
[OK] HCH_012\HCH_012_088 | sentences=391
[OK] HCH_012\HCH_012_089 | sentences=385
[OK] HCH_012\HCH_012_090 | sentences=166
[OK] HCH_012\HCH_012_091 | sentences=337
[OK] HCH_012\HCH_012_092 | sentences=447
[OK] HCH_012\HCH_012_093 | sentences=466
[OK] HCH_012\HCH_012_094 | sentences=409
[OK] HCH_012\HCH_012_095 | sentences=269
[OK] HCH_012\HCH_012_096 | sentences=70
[OK] HCH_012\HCH_012_097 | sentences=142
[OK] HCH_012\HCH_012_098 | sentences=65
[OK] HCH_012\HCH_012_099 | sentences=32
[OK] HCH_012\HCH_012_100 | sentences=17
[OK] HCH_012\HCH_012_103 | sentences=8
[OK] HCH_012\HCH_012_104 | sentences=18
[OK] HCH_012\HCH_012_105 | sentences=20
[OK] HCH_012\HCH_012_106 | sentences=414
[OK] HCH_012\HCH_012_107 | sentences=7
[OK] HCH_012\HCH_012_108 | sentences=12
[OK] HCH_012\HCH_012_109 | sentences=16
[OK] HCH_012\HCH_012_111 | sentences=12
[OK] HCH_012\HCH_012_113 | sentences=524
[OK] HCH_012\HCH_012_114 | sentences=414
[OK] HCH_012\HCH_012_115 | sentences=174
[OK] HCH_012\HCH_012_116 | sentences=559
[OK] HCH_012\HCH_012_117 | sentences=536
[OK] HCH_012\HCH_012_118 | sentences=631
[OK] HCH_012\HCH_012_119 | sentences=524
[OK] HCH_012\HCH_012_120 | sentences=352
[OK] HCH_012\HCH_012_121 | sentences=402
[OK] HCH_012\HCH_012_122 | sentences=154
[OK] HCH_012\HCH_012_123 | sentences=489
[OK] HCH_012\HCH_012_124 | sentences=276
[OK] HCH_012\HCH_012_125 | sentences=424
[OK] HCH_012\HCH_012_126 | sentences=679
[OK] HCH_012\HCH_012_127 | sentences=124
[OK] HCH_012\HCH_012_128 | sentences=415
[OK] HCH_012\HCH_012_129 | sentences=449
[OK] HCH_012\HCH_012_130 | sentences=687
[OK] HCH_012\HCH_012_131 | sentences=511
[OK] HCH_012\HCH_012_132 | sentences=357
[OK] HCH_012\HCH_012_133 | sentences=629
[OK] HCH_012\HCH_012_134 | sentences=410
[OK] HCH_012\HCH_012_135 | sentences=267
[OK] HCH_012\HCH_012_136 | sentences=302
[OK] HCH_012\HCH_012_137 | sentences=555
[OK] HCH_012\HCH_012_138 | sentences=485
[OK] HCH_012\HCH_012_139 | sentences=262
[OK] HCH_012\HCH_012_140 | sentences=284
[OK] HCH_012\HCH_012_141 | sentences=444
[OK] HCH_012\HCH_012_142 | sentences=390
[OK] HCH_012\HCH_012_143 | sentences=442
[OK] HCH_012\HCH_012_144 | sentences=336
[OK] HCH_012\HCH_012_145 | sentences=589
[OK] HCH_012\HCH_012_146 | sentences=443
[OK] HCH_012\HCH_012_147 | sentences=386
[OK] HCH_012\HCH_012_148 | sentences=448
[OK] HCH_012\HCH_012_149 | sentences=280
[OK] HCH_012\HCH_012_150 | sentences=406
[OK] HCH_012\HCH_012_151 | sentences=356
[OK] HCH_012\HCH_012_152 | sentences=404
[OK] HCH_012\HCH_012_153 | sentences=388
[OK] HCH_012\HCH_012_154 | sentences=672
[OK] HCH_012\HCH_012_155 | sentences=601
[OK] HCH_012\HCH_012_156 | sentences=455
[OK] HCH_012\HCH_012_157 | sentences=572
[OK] HCH_012\HCH_012_158 | sentences=517
[OK] HCH_012\HCH_012_159 | sentences=684
[OK] HCH_012\HCH_012_160 | sentences=427
[OK] HCH_012\HCH_012_161 | sentences=618
[OK] HCH_012\HCH_012_162 | sentences=567
[OK] HCH_012\HCH_012_163 | sentences=366
[OK] HCH_012\HCH_012_164 | sentences=592
[OK] HCH_012\HCH_012_165 | sentences=401
[OK] HCH_012\HCH_012_166 | sentences=516
[OK] HCH_012\HCH_012_167 | sentences=329
[OK] HCH_012\HCH_012_168 | sentences=516
[OK] HCH_012\HCH_012_169 | sentences=227
[OK] HCH_012\HCH_012_170 | sentences=261
[OK] HCH_012\HCH_012_171 | sentences=588
[OK] HCH_012\HCH_012_172 | sentences=741
[OK] HCH_012\HCH_012_173 | sentences=670
[OK] HCH_012\HCH_012_174 | sentences=585
[OK] HCH_012\HCH_012_175 | sentences=418
[OK] HCH_012\HCH_012_176 | sentences=612
[OK] HCH_012\HCH_012_177 | sentences=657
[OK] HCH_012\HCH_012_178 | sentences=503
[OK] HCH_012\HCH_012_179 | sentences=352
[OK] HCH_012\HCH_012_180 | sentences=808
[OK] HCH_012\HCH_012_181 | sentences=509
[OK] HCH_012\HCH_012_182 | sentences=470
[OK] HCH_012\HCH_012_183 | sentences=476
[OK] HCH_012\HCH_012_184 | sentences=410
[OK] HCH_012\HCH_012_185 | sentences=483
[OK] HCH_012\HCH_012_186 | sentences=841
[OK] HCH_012\HCH_012_187 | sentences=584
[OK] HCH_012\HCH_012_188 | sentences=759
[OK] HCH_012\HCH_012_189 | sentences=471
[OK] HCH_012\HCH_012_190 | sentences=448
[OK] HCH_012\HCH_012_191 | sentences=476
[OK] HCH_012\HCH_012_192 | sentences=460
[OK] HCH_012\HCH_012_193 | sentences=580
[OK] HCH_012\HCH_012_194 | sentences=687
[OK] HCH_012\HCH_012_195 | sentences=300
[OK] HCH_012\HCH_012_196 | sentences=638
[OK] HCH_012\HCH_012_197 | sentences=468
[OK] HCH_012\HCH_012_198 | sentences=745
[OK] HCH_012\HCH_012_199 | sentences=529
[OK] HCH_012\HCH_012_200 | sentences=713
[OK] HCH_012\HCH_012_201 | sentences=509
[OK] HCH_012\HCH_012_202 | sentences=708
[OK] HCH_012\HCH_012_203 | sentences=683
[OK] HCH_012\HCH_012_204 | sentences=583
[OK] HCH_012\HCH_012_205 | sentences=622
[OK] HCH_012\HCH_012_206 | sentences=673
[OK] HCH_012\HCH_012_207 | sentences=468
[OK] HCH_012\HCH_012_208 | sentences=560
[OK] HCH_012\HCH_012_209 | sentences=795
[OK] HCH_012\HCH_012_210 | sentences=634
[OK] HCH_012\HCH_012_211 | sentences=682
[OK] HCH_012\HCH_012_212 | sentences=779
[OK] HCH_012\HCH_012_213 | sentences=652
[OK] HCH_012\HCH_012_214 | sentences=415
[OK] HCH_012\HCH_012_215 | sentences=375
[OK] HCH_012\HCH_012_216 | sentences=711
[OK] HCH_012\HCH_012_217 | sentences=422
[OK] HCH_012\HCH_012_218 | sentences=532
[OK] HCH_012\HCH_012_219 | sentences=340
[OK] HCH_012\HCH_012_220 | sentences=653
[OK] HCH_012\HCH_012_221 | sentences=488
[OK] HCH_012\HCH_012_222 | sentences=682
[OK] HCH_012\HCH_012_223 | sentences=472
[OK] HCH_012\HCH_012_224 | sentences=584
[OK] HCH_012\HCH_012_225 | sentences=359
[OK] HCH_012\HCH_012_226 | sentences=547
[OK] HCH_012\HCH_012_227 | sentences=563
[OK] HCH_012\HCH_012_228 | sentences=335
[OK] HCH_012\HCH_012_229 | sentences=377
[OK] HCH_012\HCH_012_230 | sentences=346
[OK] HCH_012\HCH_012_231 | sentences=523
[OK] HCH_012\HCH_012_232 | sentences=284
[OK] HCH_012\HCH_012_233 | sentences=431
[OK] HCH_012\HCH_012_234 | sentences=488
[OK] HCH_012\HCH_012_235 | sentences=513
[OK] HCH_012\HCH_012_236 | sentences=473
[OK] HCH_012\HCH_012_237 | sentences=331
[OK] HCH_012\HCH_012_238 | sentences=539
[OK] HCH_012\HCH_012_239 | sentences=670
[OK] HCH_012\HCH_012_240 | sentences=596
[OK] HCH_012\HCH_012_241 | sentences=412
[OK] HCH_012\HCH_012_242 | sentences=382
[OK] HCH_012\HCH_012_243 | sentences=370
[OK] HCH_012\HCH_012_244 | sentences=623
[OK] HCH_012\HCH_012_245 | sentences=402
[OK] HCH_012\HCH_012_246 | sentences=284
[OK] HCH_012\HCH_012_247 | sentences=644
[OK] HCH_012\HCH_012_248 | sentences=438
[OK] HCH_012\HCH_012_249 | sentences=552
[OK] HCH_012\HCH_012_250 | sentences=257
[OK] HCH_012\HCH_012_251 | sentences=616
[OK] HCH_012\HCH_012_252 | sentences=336
[OK] HCH_012\HCH_012_253 | sentences=501
[OK] HCH_012\HCH_012_254 | sentences=407
[OK] HCH_012\HCH_012_255 | sentences=578
[OK] HCH_012\HCH_012_256 | sentences=245
[OK] HCH_012\HCH_012_257 | sentences=545
[OK] HCH_012\HCH_012_258 | sentences=739
[OK] HCH_012\HCH_012_259 | sentences=766
[OK] HCH_012\HCH_012_260 | sentences=673
[OK] HCH_012\HCH_012_261 | sentences=317
[OK] HCH_012\HCH_012_262 | sentences=415
[OK] HCH_012\HCH_012_263 | sentences=433
[OK] HCH_012\HCH_012_264 | sentences=348
[OK] HCH_012\HCH_012_265 | sentences=472
[OK] HCH_012\HCH_012_266 | sentences=446
[OK] HCH_012\HCH_012_267 | sentences=340
[OK] HCH_012\HCH_012_268 | sentences=263
[OK] HCH_012\HCH_012_269 | sentences=668
[OK] HCH_012\HCH_012_270 | sentences=405
[OK] HCH_012\HCH_012_271 | sentences=467
[OK] HCH_012\HCH_012_272 | sentences=305
[OK] HCH_012\HCH_012_273 | sentences=592
[OK] HCH_012\HCH_012_274 | sentences=441
[OK] HCH_012\HCH_012_275 | sentences=349
[OK] HCH_012\HCH_012_276 | sentences=608
[OK] HCH_012\HCH_012_277 | sentences=598
[OK] HCH_012\HCH_012_278 | sentences=638
[OK] HCH_012\HCH_012_279 | sentences=649
[OK] HCH_012\HCH_012_280 | sentences=374
[OK] HCH_012\HCH_012_281 | sentences=807
[OK] HCH_012\HCH_012_282 | sentences=881
[OK] HCH_012\HCH_012_283 | sentences=801
[OK] HCH_012\HCH_012_284 | sentences=254
[OK] HCH_012\HCH_012_285 | sentences=603
[OK] HCH_012\HCH_012_286 | sentences=623
[OK] HCH_012\HCH_012_287 | sentences=555
[OK] HCH_012\HCH_012_288 | sentences=525
[OK] HCH_012\HCH_012_289 | sentences=674
[OK] HCH_012\HCH_012_290 | sentences=398
[OK] HCH_012\HCH_012_291 | sentences=557
[OK] HCH_012\HCH_012_292 | sentences=508
[OK] HCH_012\HCH_012_293 | sentences=498
[OK] HCH_012\HCH_012_294 | sentences=669
[OK] HCH_012\HCH_012_295 | sentences=469
[OK] HCH_012\HCH_012_296 | sentences=367
[OK] HCH_012\HCH_012_297 | sentences=599
[OK] HCH_012\HCH_012_298 | sentences=196
[OK] HCH_012\HCH_012_299 | sentences=548
[OK] HCH_012\HCH_012_300 | sentences=563
[OK] HCH_012\HCH_012_301 | sentences=562
[OK] HCH_012\HCH_012_302 | sentences=596
[OK] HCH_012\HCH_012_303 | sentences=612
[OK] HCH_012\HCH_012_304 | sentences=739
[OK] HCH_012\HCH_012_305 | sentences=725
[OK] HCH_012\HCH_012_306 | sentences=926
[OK] HCH_012\HCH_012_307 | sentences=704
[OK] HCH_012\HCH_012_308 | sentences=934
[OK] HCH_012\HCH_012_309 | sentences=690
[OK] HCH_012\HCH_012_310 | sentences=323
[OK] HCH_012\HCH_012_311 | sentences=611
[OK] HCH_012\HCH_012_312 | sentences=427
[OK] HCH_012\HCH_012_313 | sentences=507
[OK] HCH_012\HCH_012_314 | sentences=662
[OK] HCH_012\HCH_012_315 | sentences=677
[OK] HCH_012\HCH_012_316 | sentences=606
[OK] HCH_012\HCH_012_317 | sentences=386
[OK] HCH_012\HCH_012_318 | sentences=506
[OK] HCH_012\HCH_012_319 | sentences=382
[OK] HCH_012\HCH_012_320 | sentences=527
[OK] HCH_012\HCH_012_321 | sentences=597
[OK] HCH_012\HCH_012_322 | sentences=392
[OK] HCH_012\HCH_012_323 | sentences=405
[OK] HCH_012\HCH_012_324 | sentences=527
[OK] HCH_012\HCH_012_325 | sentences=528
[OK] HCH_012\HCH_012_326 | sentences=421
[OK] HCH_012\HCH_012_327 | sentences=681
[OK] HCH_012\HCH_012_328 | sentences=278
[OK] HCH_012\HCH_012_329 | sentences=476
[OK] HCH_012\HCH_012_330 | sentences=603
[OK] HCH_012\HCH_012_331 | sentences=467
[OK] HCH_012\HCH_012_332 | sentences=577
[OK] HCH_013\HCH_013_001 | sentences=245
[OK] HCH_013\HCH_013_002 | sentences=268
[OK] HCH_013\HCH_013_003 | sentences=420
[OK] HCH_013\HCH_013_004 | sentences=419
[OK] HCH_013\HCH_013_005 | sentences=86
[OK] HCH_013\HCH_013_006 | sentences=128
[OK] HCH_013\HCH_013_007 | sentences=111
[OK] HCH_013\HCH_013_008 | sentences=211
[OK] HCH_013\HCH_013_009 | sentences=188
[OK] HCH_013\HCH_013_010 | sentences=332
[OK] HCH_013\HCH_013_011 | sentences=188
[OK] HCH_013\HCH_013_012 | sentences=239
[OK] HCH_013\HCH_013_013 | sentences=124
[OK] HCH_013\HCH_013_014 | sentences=479
[OK] HCH_013\HCH_013_015 | sentences=33
[OK] HCH_013\HCH_013_016 | sentences=864
[OK] HCH_013\HCH_013_017 | sentences=178
[OK] HCH_013\HCH_013_018 | sentences=365
[OK] HCH_013\HCH_013_019 | sentences=58
[OK] HCH_013\HCH_013_020 | sentences=252
[OK] HCH_013\HCH_013_021 | sentences=194
[OK] HCH_013\HCH_013_022 | sentences=470
[OK] HCH_013\HCH_013_023 | sentences=42
[OK] HCH_013\HCH_013_024 | sentences=124
[OK] HCH_013\HCH_013_025 | sentences=42
[OK] HCH_013\HCH_013_026 | sentences=160
[OK] HCH_013\HCH_013_027 | sentences=190
[OK] HCH_013\HCH_013_028 | sentences=498
[OK] HCH_013\HCH_013_029 | sentences=158
[OK] HCH_013\HCH_013_030 | sentences=122
[OK] HCH_013\HCH_013_031 | sentences=177
[OK] HCH_013\HCH_013_032 | sentences=109
[OK] HCH_013\HCH_013_033 | sentences=449
[OK] HCH_013\HCH_013_034 | sentences=295
[OK] HCH_013\HCH_013_035 | sentences=210
[OK] HCH_013\HCH_013_036 | sentences=252
[OK] HCH_013\HCH_013_037 | sentences=195
[OK] HCH_013\HCH_013_038 | sentences=133
[OK] HCH_013\HCH_013_039 | sentences=194
[OK] HCH_013\HCH_013_040 | sentences=261
[OK] HCH_013\HCH_013_041 | sentences=127
[OK] HCH_013\HCH_013_042 | sentences=371
[OK] HCH_013\HCH_013_043 | sentences=630
[OK] HCH_013\HCH_013_044 | sentences=87
[OK] HCH_013\HCH_013_045 | sentences=346
[OK] HCH_013\HCH_013_046 | sentences=92
[OK] HCH_013\HCH_013_047 | sentences=308
[OK] HCH_013\HCH_013_048 | sentences=176
[OK] HCH_013\HCH_013_049 | sentences=172
[OK] HCH_013\HCH_013_050 | sentences=387
[OK] HCH_013\HCH_013_051 | sentences=212
[OK] HCH_013\HCH_013_052 | sentences=265
[OK] HCH_013\HCH_013_053 | sentences=155
[OK] HCH_013\HCH_013_054 | sentences=500
[OK] HCH_013\HCH_013_055 | sentences=653
[OK] HCH_013\HCH_013_056 | sentences=99
[OK] HCH_013\HCH_013_057 | sentences=165
[OK] HCH_013\HCH_013_058 | sentences=144
[OK] HCH_013\HCH_013_059 | sentences=214
[OK] HCH_013\HCH_013_060 | sentences=421
[OK] HCH_013\HCH_013_061 | sentences=478
[OK] HCH_013\HCH_013_062 | sentences=371
[OK] HCH_013\HCH_013_063 | sentences=229
[OK] HCH_013\HCH_013_064 | sentences=214
[OK] HCH_013\HCH_013_065 | sentences=315
[OK] HCH_013\HCH_013_066 | sentences=656
[OK] HCH_013\HCH_013_067 | sentences=223
[OK] HCH_013\HCH_013_068 | sentences=304
[OK] HCH_013\HCH_013_069 | sentences=353
[OK] HCH_013\HCH_013_070 | sentences=58
[OK] HCH_013\HCH_013_071 | sentences=757
[OK] HCH_013\HCH_013_072 | sentences=570
[OK] HCH_013\HCH_013_073 | sentences=122
[OK] HCH_013\HCH_013_074 | sentences=156
[OK] HCH_013\HCH_013_075 | sentences=1009
[OK] HCH_013\HCH_013_076 | sentences=71
[OK] HCH_013\HCH_013_077 | sentences=415
[OK] HCH_013\HCH_013_078 | sentences=686
[OK] HCH_013\HCH_013_079 | sentences=365
[OK] HCH_013\HCH_013_080 | sentences=173
[OK] HCH_014\HCH_014_001 | sentences=36
[OK] HCH_014\HCH_014_002 | sentences=52
[OK] HCH_014\HCH_014_003 | sentences=55
[OK] HCH_014\HCH_014_004 | sentences=86
[OK] HCH_014\HCH_014_005 | sentences=81
[OK] HCH_014\HCH_014_006 | sentences=89
[OK] HCH_015\HCH_015_001 | sentences=283
[OK] HCH_015\HCH_015_002 | sentences=132
[OK] HCH_015\HCH_015_003 | sentences=263
[OK] HCH_015\HCH_015_004 | sentences=87
[OK] HCH_015\HCH_015_005 | sentences=55
[OK] HCH_015\HCH_015_006 | sentences=168
[OK] HCH_015\HCH_015_007 | sentences=219
[OK] HCH_015\HCH_015_008 | sentences=75
[OK] HCH_015\HCH_015_009 | sentences=272
[OK] HCH_015\HCH_015_010 | sentences=64
[OK] HCH_015\HCH_015_011 | sentences=110
[OK] HCH_015\HCH_015_012 | sentences=339
[OK] HCH_015\HCH_015_013 | sentences=297
[OK] HCH_015\HCH_015_014 | sentences=120
[OK] HCH_015\HCH_015_015 | sentences=108
[OK] HCH_015\HCH_015_016 | sentences=100
[OK] HCH_015\HCH_015_017 | sentences=244
[OK] HCH_015\HCH_015_018 | sentences=270
[OK] HCH_015\HCH_015_019 | sentences=250
[OK] HCH_015\HCH_015_020 | sentences=128
[OK] HCH_015\HCH_015_021 | sentences=99
[OK] HCH_015\HCH_015_022 | sentences=182
[OK] HCH_015\HCH_015_023 | sentences=227
[OK] HCH_015\HCH_015_024 | sentences=153
[OK] HCH_015\HCH_015_025 | sentences=347
[OK] HCH_015\HCH_015_026 | sentences=261
[OK] HCH_015\HCH_015_027 | sentences=290
[OK] HCH_015\HCH_015_028 | sentences=201
[OK] HCH_015\HCH_015_029 | sentences=281
[OK] HCH_015\HCH_015_030 | sentences=232
[OK] HCH_015\HCH_015_031 | sentences=117
[OK] HCH_015\HCH_015_032 | sentences=224
[OK] HCH_015\HCH_015_033 | sentences=156
[OK] HCH_015\HCH_015_034 | sentences=206
[OK] HCH_015\HCH_015_035 | sentences=258
[OK] HCH_015\HCH_015_036 | sentences=84
[OK] HCH_015\HCH_015_037 | sentences=227
[OK] HCH_015\HCH_015_038 | sentences=204
[OK] HCH_015\HCH_015_039 | sentences=140
[OK] HCH_015\HCH_015_040 | sentences=348
[OK] HCH_015\HCH_015_041 | sentences=161
[OK] HCH_015\HCH_015_042 | sentences=258
[OK] HCH_015\HCH_015_043 | sentences=193
[OK] HCH_015\HCH_015_044 | sentences=240
[OK] HCH_015\HCH_015_045 | sentences=181
[OK] HCH_015\HCH_015_046 | sentences=242
[OK] HCH_015\HCH_015_047 | sentences=106
[OK] HCH_015\HCH_015_048 | sentences=159
[OK] HCH_015\HCH_015_049 | sentences=180
[OK] HCH_015\HCH_015_050 | sentences=104
[OK] HCH_015\HCH_015_051 | sentences=260
[OK] HCH_015\HCH_015_052 | sentences=278
[OK] HCH_015\HCH_015_053 | sentences=232
[OK] HCH_015\HCH_015_054 | sentences=374
[OK] HCH_015\HCH_015_055 | sentences=236
[OK] HCH_015\HCH_015_056 | sentences=211
[OK] HCH_015\HCH_015_057 | sentences=341
[OK] HCH_015\HCH_015_058 | sentences=182
[OK] HCH_015\HCH_015_059 | sentences=151
[OK] HCH_016\HCH_016_001_吳太伯傳 | sentences=60
[OK] HCH_016\HCH_016_002_吳王壽夢傳 | sentences=24
[OK] HCH_016\HCH_016_003_王僚使公子光傳 | sentences=190
[OK] HCH_016\HCH_016_004_闔閭內傳 | sentences=248
[OK] HCH_016\HCH_016_005_夫差內傳 | sentences=226
[OK] HCH_016\HCH_016_006_越王無余外傳 | sentences=86
[OK] HCH_016\HCH_016_007_勾踐入臣外傳 | sentences=243
[OK] HCH_016\HCH_016_008_勾踐歸國外傳 | sentences=123
[OK] HCH_016\HCH_016_009_勾踐陰謀外傳 | sentences=190
[OK] HCH_016\HCH_016_010_勾踐伐吳外傳 | sentences=309
[OK] HCH_016\HCH_016_011_佚文 | sentences=24

STATISTICS BY WORK
====================================================================================================
HCH_009 | units=135 | matched=133 | mismatched=0 | missing_json=2 | read_errors=0 | tsv_sentences=44957 | json_sentences=44957
HCH_010 | units=116 | matched=116 | mismatched=0 | missing_json=0 | read_errors=0 | tsv_sentences=19133 | json_sentences=19133
HCH_011 | units=56 | matched=56 | mismatched=0 | missing_json=0 | read_errors=0 | tsv_sentences=11884 | json_sentences=11884
HCH_012 | units=332 | matched=328 | mismatched=0 | missing_json=4 | read_errors=0 | tsv_sentences=158296 | json_sentences=158296
HCH_013 | units=80 | matched=80 | mismatched=0 | missing_json=0 | read_errors=0 | tsv_sentences=22512 | json_sentences=22512
HCH_014 | units=6 | matched=6 | mismatched=0 | missing_json=0 | read_errors=0 | tsv_sentences=399 | json_sentences=399
HCH_015 | units=59 | matched=59 | mismatched=0 | missing_json=0 | read_errors=0 | tsv_sentences=11910 | json_sentences=11910
HCH_016 | units=11 | matched=11 | mismatched=0 | missing_json=0 | read_errors=0 | tsv_sentences=1723 | json_sentences=1723

MISSING JSON
====================================================================================================
[MISSING] HCH_009\HCH_009_061
  Unit          : HCH_009_061
  TSV sentences : 0
  TSV file      : HCH_009\HCH_009_061\HCH_009_061_seg.tsv
  Expected JSON : HCH_009\HCH_009_061\HCH_009_061_ner.json
----------------------------------------------------------------------------------------------------
[MISSING] HCH_009\HCH_009_062
  Unit          : HCH_009_062
  TSV sentences : 0
  TSV file      : HCH_009\HCH_009_062\HCH_009_062_seg.tsv
  Expected JSON : HCH_009\HCH_009_062\HCH_009_062_ner.json
----------------------------------------------------------------------------------------------------
[MISSING] HCH_012\HCH_012_101
  Unit          : HCH_012_101
  TSV sentences : 0
  TSV file      : HCH_012\HCH_012_101\HCH_012_101_seg.tsv
  Expected JSON : HCH_012\HCH_012_101\HCH_012_101_ner.json
----------------------------------------------------------------------------------------------------
[MISSING] HCH_012\HCH_012_102
  Unit          : HCH_012_102
  TSV sentences : 0
  TSV file      : HCH_012\HCH_012_102\HCH_012_102_seg.tsv
  Expected JSON : HCH_012\HCH_012_102\HCH_012_102_ner.json
----------------------------------------------------------------------------------------------------
[MISSING] HCH_012\HCH_012_110
  Unit          : HCH_012_110
  TSV sentences : 0
  TSV file      : HCH_012\HCH_012_110\HCH_012_110_seg.tsv
  Expected JSON : HCH_012\HCH_012_110\HCH_012_110_ner.json
----------------------------------------------------------------------------------------------------
[MISSING] HCH_012\HCH_012_112
  Unit          : HCH_012_112
  TSV sentences : 0
  TSV file      : HCH_012\HCH_012_112\HCH_012_112_seg.tsv
  Expected JSON : HCH_012\HCH_012_112\HCH_012_112_ner.json
----------------------------------------------------------------------------------------------------

MISMATCHED SENTENCE COUNTS
====================================================================================================
No mismatched sentence counts.

READ ERRORS
====================================================================================================
No read errors.

GLOBAL SUMMARY
====================================================================================================
Total works          : 8
Total TSV units      : 795
Matched units        : 789
Mismatched units     : 0
Missing JSON units   : 6
Read errors          : 0
Total TSV sentences  : 270814
Total JSON sentences : 270814
Status: 6 PROBLEM UNIT(S) FOUND.
